<?xml version="1.0" encoding="UTF-8"?>
<!-- Generated by org.testng.reporters.JUnitXMLReporter -->
<testsuite hostname="DESKTOP-454FAPE" name="Test" tests="6" failures="1" timestamp="25 Jul 2022 00:23:08 GMT" time="105.925" errors="0">
  <testcase name="test_account_registration" time="19.464" classname="testCases.TC_001_AcoountRegistration"/>
  <testcase name="testLogin" time="6.635" classname="testCases.TC_002_LogIn"/>
  <testcase name="test_LogInDDT" time="8.535" classname="testCases.TC_003_LogInDDT"/>
  <testcase name="test_LogInDDT" time="14.115" classname="testCases.TC_003_LogInDDT"/>
  <testcase name="test_LogInDDT" time="16.12" classname="testCases.TC_003_LogInDDT"/>
  <testcase name="test_LogInDDT" time="12.2" classname="testCases.TC_003_LogInDDT">
    <failure type="java.lang.AssertionError" message="null">
      <![CDATA[java.lang.AssertionError: null
	at testCases.TC_003_LogInDDT.test_LogInDDT(TC_003_LogInDDT.java:85)
... Removed 26 stack frames]]>
    </failure>
  </testcase> <!-- test_LogInDDT -->
</testsuite> <!-- Test -->
