<?xml version="1.0" encoding="UTF-8"?>
<testng-results skipped="0" failed="0" total="2" passed="2">
  <reporter-output>
  </reporter-output>
  <suite name="Suite" duration-ms="32546" started-at="2022-10-19T17:51:35Z" finished-at="2022-10-19T17:52:08Z">
    <groups>
      <group name="regression">
        <method signature="TC_001_AcoountRegistration.test_account_registration()[pri:0, instance:testCases.TC_001_AcoountRegistration@35fb3008]" name="test_account_registration" class="testCases.TC_001_AcoountRegistration"/>
      </group> <!-- regression -->
      <group name="sanity">
        <method signature="TC_002_LogIn.testLogin()[pri:0, instance:testCases.TC_002_LogIn@7225790e]" name="testLogin" class="testCases.TC_002_LogIn"/>
      </group> <!-- sanity -->
      <group name="master">
        <method signature="TC_001_AcoountRegistration.test_account_registration()[pri:0, instance:testCases.TC_001_AcoountRegistration@35fb3008]" name="test_account_registration" class="testCases.TC_001_AcoountRegistration"/>
        <method signature="TC_002_LogIn.testLogin()[pri:0, instance:testCases.TC_002_LogIn@7225790e]" name="testLogin" class="testCases.TC_002_LogIn"/>
      </group> <!-- master -->
    </groups>
    <test name="Test" duration-ms="32546" started-at="2022-10-19T17:51:35Z" finished-at="2022-10-19T17:52:08Z">
      <class name="testCases.TC_001_AcoountRegistration">
        <test-method status="PASS" signature="setup(java.lang.String)[pri:0, instance:testCases.TC_001_AcoountRegistration@35fb3008]" name="setup" is-config="true" duration-ms="10061" started-at="2022-10-19T13:51:36Z" finished-at="2022-10-19T13:51:46Z">
          <params>
            <param index="0">
              <value>
                <![CDATA[chrome]]>
              </value>
            </param>
          </params>
          <reporter-output>
          </reporter-output>
        </test-method> <!-- setup -->
        <test-method status="PASS" signature="test_account_registration()[pri:0, instance:testCases.TC_001_AcoountRegistration@35fb3008]" name="test_account_registration" duration-ms="12476" started-at="2022-10-19T13:51:46Z" finished-at="2022-10-19T13:51:58Z">
          <reporter-output>
          </reporter-output>
        </test-method> <!-- test_account_registration -->
      </class> <!-- testCases.TC_001_AcoountRegistration -->
      <class name="testCases.TC_002_LogIn">
        <test-method status="PASS" signature="setup(java.lang.String)[pri:0, instance:testCases.TC_002_LogIn@7225790e]" name="setup" is-config="true" duration-ms="3468" started-at="2022-10-19T13:51:58Z" finished-at="2022-10-19T13:52:02Z">
          <params>
            <param index="0">
              <value>
                <![CDATA[chrome]]>
              </value>
            </param>
          </params>
          <reporter-output>
          </reporter-output>
        </test-method> <!-- setup -->
        <test-method status="PASS" signature="testLogin()[pri:0, instance:testCases.TC_002_LogIn@7225790e]" name="testLogin" duration-ms="5984" started-at="2022-10-19T13:52:02Z" finished-at="2022-10-19T13:52:08Z">
          <reporter-output>
          </reporter-output>
        </test-method> <!-- testLogin -->
      </class> <!-- testCases.TC_002_LogIn -->
    </test> <!-- Test -->
  </suite> <!-- Suite -->
</testng-results>
